<?xml version="1.0" encoding="UTF-8"?>
<testsuite xmlns:xsi="http://www.w3.org/2001/XMLSchema-instance" xsi:noNamespaceSchemaLocation="https://maven.apache.org/surefire/maven-surefire-plugin/xsd/surefire-test-report.xsd" version="3.0.2" name="com.antwibuadum.personal_task_dashboard.PersonalTaskDashboardProjectApplicationTests" time="1.626" tests="1" errors="0" skipped="0" failures="0">
  <properties>
[...]
</properties>
  <testcase name="contextLoads" classname="com.antwibuadum.personal_task_dashboard.PersonalTaskDashboardProjectApplicationTests" time="0.435">
    <system-out><![CDATA[06:40:30.486 [main] INFO org.springframework.test.context.support.AnnotationConfigContextLoaderUtils -- Could not detect default configuration classes for test class [com.antwibuadum.personal_task_dashboard.PersonalTaskDashboardProjectApplicationTests]: PersonalTaskDashboardProjectApplicationTests does not declare any static, non-private, non-final, nested classes annotated with @Configuration.
06:40:30.543 [main] INFO org.springframework.boot.test.context.SpringBootTestContextBootstrapper -- Found @SpringBootConfiguration com.antwibuadum.personal_task_dashboard.PersonalTaskDashboardProjectApplication for test class com.antwibuadum.personal_task_dashboard.PersonalTaskDashboardProjectApplicationTests

  .   ____          _            __ _ _
 /\\ / ___'_ __ _ _(_)_ __  __ _ \ \ \ \
( ( )\___ | '_ | '_| | '_ \/ _` | \ \ \ \
 \\/  ___)| |_)| | | | | || (_| |  ) ) ) )
  '  |____| .__|_| |_|_| |_\__, | / / / /
 =========|_|==============|___/=/_/_/_/

 :: Spring Boot ::                (v3.5.5)

2025-09-29T06:40:30.739-06:00  INFO 25203 --- [personal-task-dashboard-project] [           main] onalTaskDashboardProjectApplicationTests : Starting PersonalTaskDashboardProjectApplicationTests using Java 21.0.7 with PID 25203 (started by antwibuadum in /Users/antwibuadum/Documents/Programming/Projects/personal-task-dashboard-project/backend)
2025-09-29T06:40:30.740-06:00  INFO 25203 --- [personal-task-dashboard-project] [           main] onalTaskDashboardProjectApplicationTests : No active profile set, falling back to 1 default profile: "default"
2025-09-29T06:40:31.468-06:00  WARN 25203 --- [personal-task-dashboard-project] [           main] s.w.s.m.m.a.RequestMappingHandlerMapping : Multiple @RequestMapping annotations found on public java.lang.Integer com.antwibuadum.personal_task_dashboard.new_id.NewIDController.getNewID(), but only the first will be used: [@org.springframework.web.bind.annotation.RequestMapping(consumes={}, headers={}, method={}, name="", params={}, path={"/get-new-id"}, produces={}, value={"/get-new-id"}), @org.springframework.web.bind.annotation.GetMapping(consumes={}, headers={}, name="", params={}, path={}, produces={}, value={})]
2025-09-29T06:40:31.469-06:00  WARN 25203 --- [personal-task-dashboard-project] [           main] s.w.s.m.m.a.RequestMappingHandlerMapping : Multiple @RequestMapping annotations found on public void com.antwibuadum.personal_task_dashboard.new_id.NewIDController.IncrementID(), but only the first will be used: [@org.springframework.web.bind.annotation.RequestMapping(consumes={}, headers={}, method={}, name="", params={}, path={"/get-and-increment-new-id"}, produces={}, value={"/get-and-increment-new-id"}), @org.springframework.web.bind.annotation.PostMapping(consumes={}, headers={}, name="", params={}, path={}, produces={}, value={})]
2025-09-29T06:40:31.471-06:00  WARN 25203 --- [personal-task-dashboard-project] [           main] s.w.s.m.m.a.RequestMappingHandlerMapping : Multiple @RequestMapping annotations found on public void com.antwibuadum.personal_task_dashboard.notes.NoteDataController.updateTodoPosition(java.lang.Integer[][]), but only the first will be used: [@org.springframework.web.bind.annotation.RequestMapping(consumes={}, headers={}, method={}, name="", params={}, path={"/update-note-positions"}, produces={}, value={"/update-note-positions"}), @org.springframework.web.bind.annotation.PutMapping(consumes={}, headers={}, name="", params={}, path={}, produces={}, value={})]
2025-09-29T06:40:31.471-06:00  WARN 25203 --- [personal-task-dashboard-project] [           main] s.w.s.m.m.a.RequestMappingHandlerMapping : Multiple @RequestMapping annotations found on public void com.antwibuadum.personal_task_dashboard.notes.NoteDataController.setNote(int), but only the first will be used: [@org.springframework.web.bind.annotation.RequestMapping(consumes={}, headers={}, method={}, name="", params={}, path={"/add-note"}, produces={}, value={"/add-note"}), @org.springframework.web.bind.annotation.PutMapping(consumes={}, headers={}, name="", params={}, path={}, produces={}, value={})]
2025-09-29T06:40:31.472-06:00  WARN 25203 --- [personal-task-dashboard-project] [           main] s.w.s.m.m.a.RequestMappingHandlerMapping : Multiple @RequestMapping annotations found on public void com.antwibuadum.personal_task_dashboard.notes.NoteDataController.setNote(com.antwibuadum.personal_task_dashboard.notes.NoteDataController$SetNoteData), but only the first will be used: [@org.springframework.web.bind.annotation.RequestMapping(consumes={}, headers={}, method={}, name="", params={}, path={"/set-note"}, produces={}, value={"/set-note"}), @org.springframework.web.bind.annotation.PutMapping(consumes={}, headers={}, name="", params={}, path={}, produces={}, value={})]
2025-09-29T06:40:31.472-06:00  WARN 25203 --- [personal-task-dashboard-project] [           main] s.w.s.m.m.a.RequestMappingHandlerMapping : Multiple @RequestMapping annotations found on public java.util.ArrayList com.antwibuadum.personal_task_dashboard.notes.NoteDataController.getTodoLists(), but only the first will be used: [@org.springframework.web.bind.annotation.RequestMapping(consumes={}, headers={}, method={}, name="", params={}, path={"/get-note-data"}, produces={}, value={"/get-note-data"}), @org.springframework.web.bind.annotation.GetMapping(consumes={}, headers={}, name="", params={}, path={}, produces={}, value={})]
2025-09-29T06:40:31.472-06:00  WARN 25203 --- [personal-task-dashboard-project] [           main] s.w.s.m.m.a.RequestMappingHandlerMapping : Multiple @RequestMapping annotations found on public void com.antwibuadum.personal_task_dashboard.notes.NoteDataController.deleteNote(int), but only the first will be used: [@org.springframework.web.bind.annotation.RequestMapping(consumes={}, headers={}, method={}, name="", params={}, path={"/delete-note"}, produces={}, value={"/delete-note"}), @org.springframework.web.bind.annotation.PutMapping(consumes={}, headers={}, name="", params={}, path={}, produces={}, value={})]
2025-09-29T06:40:31.474-06:00  WARN 25203 --- [personal-task-dashboard-project] [           main] s.w.s.m.m.a.RequestMappingHandlerMapping : Multiple @RequestMapping annotations found on public void com.antwibuadum.personal_task_dashboard.todo_list.TodoListDataController.updateTodoPosition(com.antwibuadum.personal_task_dashboard.todo_list.TodoListDataController$UpdateTodoPositionsData), but only the first will be used: [@org.springframework.web.bind.annotation.RequestMapping(consumes={}, headers={}, method={}, name="", params={}, path={"/update-todo-positions"}, produces={}, value={"/update-todo-positions"}), @org.springframework.web.bind.annotation.PutMapping(consumes={}, headers={}, name="", params={}, path={}, produces={}, value={})]
2025-09-29T06:40:31.475-06:00  WARN 25203 --- [personal-task-dashboard-project] [           main] s.w.s.m.m.a.RequestMappingHandlerMapping : Multiple @RequestMapping annotations found on public void com.antwibuadum.personal_task_dashboard.todo_list.TodoListDataController.setTodoListName(com.antwibuadum.personal_task_dashboard.todo_list.TodoListDataController$TodoListNameUpdateData), but only the first will be used: [@org.springframework.web.bind.annotation.RequestMapping(consumes={}, headers={}, method={}, name="", params={}, path={"/set-todo-list-name"}, produces={}, value={"/set-todo-list-name"}), @org.springframework.web.bind.annotation.PutMapping(consumes={}, headers={}, name="", params={}, path={}, produces={}, value={})]
2025-09-29T06:40:31.475-06:00  WARN 25203 --- [personal-task-dashboard-project] [           main] s.w.s.m.m.a.RequestMappingHandlerMapping : Multiple @RequestMapping annotations found on public void com.antwibuadum.personal_task_dashboard.todo_list.TodoListDataController.setTodoCompletionStatus(com.antwibuadum.personal_task_dashboard.todo_list.TodoListDataController$SetTodoCompletionStatusData), but only the first will be used: [@org.springframework.web.bind.annotation.RequestMapping(consumes={}, headers={}, method={}, name="", params={}, path={"/set-todo-completion-status"}, produces={}, value={"/set-todo-completion-status"}), @org.springframework.web.bind.annotation.PutMapping(consumes={}, headers={}, name="", params={}, path={}, produces={}, value={})]
2025-09-29T06:40:31.476-06:00  WARN 25203 --- [personal-task-dashboard-project] [           main] s.w.s.m.m.a.RequestMappingHandlerMapping : Multiple @RequestMapping annotations found on public java.util.ArrayList com.antwibuadum.personal_task_dashboard.todo_list.TodoListDataController.getTodoLists(), but only the first will be used: [@org.springframework.web.bind.annotation.RequestMapping(consumes={}, headers={}, method={}, name="", params={}, path={"/get-todo-list-data"}, produces={}, value={"/get-todo-list-data"}), @org.springframework.web.bind.annotation.GetMapping(consumes={}, headers={}, name="", params={}, path={}, produces={}, value={})]
2025-09-29T06:40:31.476-06:00  WARN 25203 --- [personal-task-dashboard-project] [           main] s.w.s.m.m.a.RequestMappingHandlerMapping : Multiple @RequestMapping annotations found on public void com.antwibuadum.personal_task_dashboard.todo_list.TodoListDataController.addTodoList(java.lang.Integer), but only the first will be used: [@org.springframework.web.bind.annotation.RequestMapping(consumes={}, headers={}, method={}, name="", params={}, path={"/add-todo-list"}, produces={}, value={"/add-todo-list"}), @org.springframework.web.bind.annotation.PutMapping(consumes={}, headers={}, name="", params={}, path={}, produces={}, value={})]
2025-09-29T06:40:31.476-06:00  WARN 25203 --- [personal-task-dashboard-project] [           main] s.w.s.m.m.a.RequestMappingHandlerMapping : Multiple @RequestMapping annotations found on public void com.antwibuadum.personal_task_dashboard.todo_list.TodoListDataController.deleteTodoList(int), but only the first will be used: [@org.springframework.web.bind.annotation.RequestMapping(consumes={}, headers={}, method={}, name="", params={}, path={"/delete-todo-list"}, produces={}, value={"/delete-todo-list"}), @org.springframework.web.bind.annotation.PutMapping(consumes={}, headers={}, name="", params={}, path={}, produces={}, value={})]
2025-09-29T06:40:31.477-06:00  WARN 25203 --- [personal-task-dashboard-project] [           main] s.w.s.m.m.a.RequestMappingHandlerMapping : Multiple @RequestMapping annotations found on public void com.antwibuadum.personal_task_dashboard.todo_list.TodoListDataController.switchListIDs(com.antwibuadum.personal_task_dashboard.todo_list.TodoListDataController$SwitchTodoListIDsData), but only the first will be used: [@org.springframework.web.bind.annotation.RequestMapping(consumes={}, headers={}, method={}, name="", params={}, path={"/switch-todo-list-ids"}, produces={}, value={"/switch-todo-list-ids"}), @org.springframework.web.bind.annotation.PutMapping(consumes={}, headers={}, name="", params={}, path={}, produces={}, value={})]
2025-09-29T06:40:31.477-06:00  WARN 25203 --- [personal-task-dashboard-project] [           main] s.w.s.m.m.a.RequestMappingHandlerMapping : Multiple @RequestMapping annotations found on public void com.antwibuadum.personal_task_dashboard.todo_list.TodoListDataController.addTodo(com.antwibuadum.personal_task_dashboard.todo_list.TodoListDataController$AddTodoData), but only the first will be used: [@org.springframework.web.bind.annotation.RequestMapping(consumes={}, headers={}, method={}, name="", params={}, path={"/add-todo"}, produces={}, value={"/add-todo"}), @org.springframework.web.bind.annotation.PutMapping(consumes={}, headers={}, name="", params={}, path={}, produces={}, value={})]
2025-09-29T06:40:31.478-06:00  WARN 25203 --- [personal-task-dashboard-project] [           main] s.w.s.m.m.a.RequestMappingHandlerMapping : Multiple @RequestMapping annotations found on public void com.antwibuadum.personal_task_dashboard.todo_list.TodoListDataController.setTodoName(com.antwibuadum.personal_task_dashboard.todo_list.TodoListDataController$SetTodoNameData), but only the first will be used: [@org.springframework.web.bind.annotation.RequestMapping(consumes={}, headers={}, method={}, name="", params={}, path={"/set-todo-name"}, produces={}, value={"/set-todo-name"}), @org.springframework.web.bind.annotation.PutMapping(consumes={}, headers={}, name="", params={}, path={}, produces={}, value={})]
2025-09-29T06:40:31.478-06:00  WARN 25203 --- [personal-task-dashboard-project] [           main] s.w.s.m.m.a.RequestMappingHandlerMapping : Multiple @RequestMapping annotations found on public void com.antwibuadum.personal_task_dashboard.todo_list.TodoListDataController.setTodoNote(com.antwibuadum.personal_task_dashboard.todo_list.TodoListDataController$SetTodoNoteData), but only the first will be used: [@org.springframework.web.bind.annotation.RequestMapping(consumes={}, headers={}, method={}, name="", params={}, path={"/set-todo-note"}, produces={}, value={"/set-todo-note"}), @org.springframework.web.bind.annotation.PutMapping(consumes={}, headers={}, name="", params={}, path={}, produces={}, value={})]
2025-09-29T06:40:31.478-06:00  WARN 25203 --- [personal-task-dashboard-project] [           main] s.w.s.m.m.a.RequestMappingHandlerMapping : Multiple @RequestMapping annotations found on public void com.antwibuadum.personal_task_dashboard.todo_list.TodoListDataController.deleteTodo(com.antwibuadum.personal_task_dashboard.todo_list.TodoListDataController$DeleteTodoData), but only the first will be used: [@org.springframework.web.bind.annotation.RequestMapping(consumes={}, headers={}, method={}, name="", params={}, path={"/delete-todo"}, produces={}, value={"/delete-todo"}), @org.springframework.web.bind.annotation.PutMapping(consumes={}, headers={}, name="", params={}, path={}, produces={}, value={})]
2025-09-29T06:40:31.579-06:00  INFO 25203 --- [personal-task-dashboard-project] [           main] onalTaskDashboardProjectApplicationTests : Started PersonalTaskDashboardProjectApplicationTests in 0.974 seconds (process running for 1.452)
]]></system-out>
    <system-err><![CDATA[Mockito is currently self-attaching to enable the inline-mock-maker. This will no longer work in future releases of the JDK. Please add Mockito as an agent to your build as described in Mockito's documentation: https://javadoc.io/doc/org.mockito/mockito-core/latest/org.mockito/org/mockito/Mockito.html#0.3
WARNING: A Java agent has been loaded dynamically (/Users/antwibuadum/.m2/repository/net/bytebuddy/byte-buddy-agent/1.17.7/byte-buddy-agent-1.17.7.jar)
WARNING: If a serviceability tool is in use, please run with -XX:+EnableDynamicAgentLoading to hide this warning
WARNING: If a serviceability tool is not in use, please run with -Djdk.instrument.traceUsage for more information
WARNING: Dynamic loading of agents will be disallowed by default in a future release
]]></system-err>
  </testcase>
</testsuite>